<?xml version="1.0" encoding="UTF-8"?>
<!-- Generated by org.testng.reporters.JUnitReportReporter -->
<testsuite hostname="SaniketLaptop" name="WebDriverEventListeners.TestCase" tests="1" failures="0" timestamp="20 Aug 2020 07:16:51 GMT" time="13.612" errors="0">
  <testcase name="TestRun" time="13.612" classname="WebDriverEventListeners.TestCase"/>
</testsuite> <!-- WebDriverEventListeners.TestCase -->
